<?xml version="1.0" encoding="UTF-8"?>
<testsuite name="Sanity Test"
           tests="7"
           failures="0"
           errors="0"
           skipped="0"
           time="210.157">
  <properties />
  
  
            <testcase name="verifyJobSearchResultUsingDifferentDataSet" time="28.167" classname="uk.co.library.testsuite.JobSearchTest" />
                <testcase name="verifyJobSearchResultUsingDifferentDataSet" time="46.818" classname="uk.co.library.testsuite.JobSearchTest" />
                <testcase name="verifyJobSearchResultUsingDifferentDataSet" time="26.089" classname="uk.co.library.testsuite.JobSearchTest" />
                <testcase name="verifyJobSearchResultUsingDifferentDataSet" time="28.051" classname="uk.co.library.testsuite.JobSearchTest" />
                <testcase name="verifyJobSearchResultUsingDifferentDataSet" time="26.875" classname="uk.co.library.testsuite.JobSearchTest" />
                <testcase name="verifyJobSearchResultUsingDifferentDataSet" time="27.411" classname="uk.co.library.testsuite.JobSearchTest" />
                <testcase name="verifyJobSearchResultUsingDifferentDataSet" time="26.746" classname="uk.co.library.testsuite.JobSearchTest" />
      
</testsuite>
